<?xml version="1.0" encoding="UTF-8" ?>
<testsuite tests="16" failures="0" name="no.uio.inf5750.assignment2.service.StudentSystemTest" time="1.649" errors="0" skipped="0">
  <properties>
    <property name="java.runtime.name" value="OpenJDK Runtime Environment"/>
    <property name="sun.boot.library.path" value="/usr/lib/jvm/java-8-openjdk-amd64/jre/lib/amd64"/>
    <property name="java.vm.version" value="25.91-b14"/>
    <property name="java.vm.vendor" value="Oracle Corporation"/>
    <property name="maven.multiModuleProjectDirectory" value="/home/thomas/workspace/inf5750/assignment2-thomakpa-v.2"/>
    <property name="java.vendor.url" value="http://java.oracle.com/"/>
    <property name="path.separator" value=":"/>
    <property name="guice.disable.misplaced.annotation.check" value="true"/>
    <property name="java.vm.name" value="OpenJDK 64-Bit Server VM"/>
    <property name="file.encoding.pkg" value="sun.io"/>
    <property name="user.country" value="US"/>
    <property name="sun.java.launcher" value="SUN_STANDARD"/>
    <property name="sun.os.patch.level" value="unknown"/>
    <property name="java.vm.specification.name" value="Java Virtual Machine Specification"/>
    <property name="user.dir" value="/home/thomas/workspace/inf5750/assignment2-thomakpa-v.2"/>
    <property name="java.runtime.version" value="1.8.0_91-8u91-b14-3ubuntu1~16.04.1-b14"/>
    <property name="java.awt.graphicsenv" value="sun.awt.X11GraphicsEnvironment"/>
    <property name="java.endorsed.dirs" value="/usr/lib/jvm/java-8-openjdk-amd64/jre/lib/endorsed"/>
    <property name="os.arch" value="amd64"/>
    <property name="java.io.tmpdir" value="/tmp"/>
    <property name="line.separator" value="
"/>
    <property name="java.vm.specification.vendor" value="Oracle Corporation"/>
    <property name="os.name" value="Linux"/>
    <property name="classworlds.conf" value="/home/thomas/opt/mvn/bin/m2.conf"/>
    <property name="sun.jnu.encoding" value="UTF-8"/>
    <property name="java.library.path" value="/usr/java/packages/lib/amd64:/usr/lib/x86_64-linux-gnu/jni:/lib/x86_64-linux-gnu:/usr/lib/x86_64-linux-gnu:/usr/lib/jni:/lib:/usr/lib"/>
    <property name="java.specification.name" value="Java Platform API Specification"/>
    <property name="java.class.version" value="52.0"/>
    <property name="sun.management.compiler" value="HotSpot 64-Bit Tiered Compilers"/>
    <property name="os.version" value="4.4.0-38-generic"/>
    <property name="user.home" value="/home/thomas"/>
    <property name="user.timezone" value="Europe/Oslo"/>
    <property name="java.awt.printerjob" value="sun.print.PSPrinterJob"/>
    <property name="file.encoding" value="UTF-8"/>
    <property name="java.specification.version" value="1.8"/>
    <property name="user.name" value="thomas"/>
    <property name="java.class.path" value="/home/thomas/opt/mvn/boot/plexus-classworlds-2.5.2.jar"/>
    <property name="java.vm.specification.version" value="1.8"/>
    <property name="sun.arch.data.model" value="64"/>
    <property name="java.home" value="/usr/lib/jvm/java-8-openjdk-amd64/jre"/>
    <property name="sun.java.command" value="org.codehaus.plexus.classworlds.launcher.Launcher clean install"/>
    <property name="java.specification.vendor" value="Oracle Corporation"/>
    <property name="user.language" value="en"/>
    <property name="awt.toolkit" value="sun.awt.X11.XToolkit"/>
    <property name="java.vm.info" value="mixed mode"/>
    <property name="java.version" value="1.8.0_91"/>
    <property name="java.ext.dirs" value="/usr/lib/jvm/java-8-openjdk-amd64/jre/lib/ext:/usr/java/packages/lib/ext"/>
    <property name="securerandom.source" value="file:/dev/./urandom"/>
    <property name="sun.boot.class.path" value="/usr/lib/jvm/java-8-openjdk-amd64/jre/lib/resources.jar:/usr/lib/jvm/java-8-openjdk-amd64/jre/lib/rt.jar:/usr/lib/jvm/java-8-openjdk-amd64/jre/lib/sunrsasign.jar:/usr/lib/jvm/java-8-openjdk-amd64/jre/lib/jsse.jar:/usr/lib/jvm/java-8-openjdk-amd64/jre/lib/jce.jar:/usr/lib/jvm/java-8-openjdk-amd64/jre/lib/charsets.jar:/usr/lib/jvm/java-8-openjdk-amd64/jre/lib/jfr.jar:/usr/lib/jvm/java-8-openjdk-amd64/jre/classes"/>
    <property name="java.vendor" value="Oracle Corporation"/>
    <property name="maven.home" value="/home/thomas/opt/mvn"/>
    <property name="file.separator" value="/"/>
    <property name="java.vendor.url.bug" value="http://bugreport.sun.com/bugreport/"/>
    <property name="sun.cpu.endian" value="little"/>
    <property name="sun.io.unicode.encoding" value="UnicodeLittle"/>
    <property name="sun.desktop" value="gnome"/>
    <property name="sun.cpu.isalist" value=""/>
  </properties>
  <testcase classname="no.uio.inf5750.assignment2.service.StudentSystemTest" name="studentTest" time="0.732"/>
  <testcase classname="no.uio.inf5750.assignment2.service.StudentSystemTest" name="deleteStudentTest" time="0.141"/>
  <testcase classname="no.uio.inf5750.assignment2.service.StudentSystemTest" name="addStudentTest" time="0.057"/>
  <testcase classname="no.uio.inf5750.assignment2.service.StudentSystemTest" name="SetStudentLocationTest" time="0.044"/>
  <testcase classname="no.uio.inf5750.assignment2.service.StudentSystemTest" name="addCourseANDgetCourseTest" time="0.042"/>
  <testcase classname="no.uio.inf5750.assignment2.service.StudentSystemTest" name="getCourseByNameTest" time="0.119"/>
  <testcase classname="no.uio.inf5750.assignment2.service.StudentSystemTest" name="GetStudentTest" time="0.035"/>
  <testcase classname="no.uio.inf5750.assignment2.service.StudentSystemTest" name="deleteCourseTest" time="0.022"/>
  <testcase classname="no.uio.inf5750.assignment2.service.StudentSystemTest" name="studentSystemTest" time="0.038"/>
  <testcase classname="no.uio.inf5750.assignment2.service.StudentSystemTest" name="updateCourseTest" time="0.122"/>
  <testcase classname="no.uio.inf5750.assignment2.service.StudentSystemTest" name="updateStudentTest" time="0.035"/>
  <testcase classname="no.uio.inf5750.assignment2.service.StudentSystemTest" name="getAllStudents" time="0.063"/>
  <testcase classname="no.uio.inf5750.assignment2.service.StudentSystemTest" name="addRemoveAttendantToCourseTest" time="0.061"/>
  <testcase classname="no.uio.inf5750.assignment2.service.StudentSystemTest" name="getStudentByName" time="0.051"/>
  <testcase classname="no.uio.inf5750.assignment2.service.StudentSystemTest" name="getAllCourses" time="0.046"/>
  <testcase classname="no.uio.inf5750.assignment2.service.StudentSystemTest" name="getCourseByCourseCodeTest" time="0.041"/>
</testsuite>